{"D:\\vue project\\tv-show-app\\src\\App.vue": {"path":"D:\\vue project\\tv-show-app\\src\\App.vue","statementMap":{"0":{"start":{"line":19,"column":0},"end":{"line":19,"column":null}},"1":{"start":{"line":20,"column":0},"end":{"line":20,"column":null}}},"fnMap":{},"branchMap":{},"s":{"0":1,"1":1},"f":{},"b":{}}
,"D:\\vue project\\tv-show-app\\src\\main.js": {"path":"D:\\vue project\\tv-show-app\\src\\main.js","statementMap":{"0":{"start":{"line":12,"column":0},"end":{"line":12,"column":21}},"1":{"start":{"line":14,"column":0},"end":{"line":14,"column":20}},"2":{"start":{"line":15,"column":0},"end":{"line":15,"column":26}},"3":{"start":{"line":16,"column":0},"end":{"line":16,"column":33}},"4":{"start":{"line":18,"column":0},"end":{"line":22,"column":18}},"5":{"start":{"line":21,"column":17},"end":{"line":21,"column":23}}},"fnMap":{"0":{"name":"(anonymous_0)","decl":{"start":{"line":21,"column":10},"end":{"line":21,"column":11}},"loc":{"start":{"line":21,"column":17},"end":{"line":21,"column":23}},"line":21}},"branchMap":{},"s":{"0":0,"1":0,"2":0,"3":0,"4":0,"5":0},"f":{"0":0},"b":{},"hash":"c5be7a4f969c39c70825bc42f457ece8d9249f2a"}
,"D:\\vue project\\tv-show-app\\src\\components\\Header.vue": {"path":"D:\\vue project\\tv-show-app\\src\\components\\Header.vue","statementMap":{"0":{"start":{"line":52,"column":0},"end":{"line":52,"column":null}},"1":{"start":{"line":60,"column":0},"end":{"line":60,"column":null}},"2":{"start":{"line":61,"column":0},"end":{"line":61,"column":null}}},"fnMap":{"0":{"name":"(anonymous_1)","decl":{"start":{"line":51,"column":0},"end":{"line":51,"column":null}},"loc":{"start":{"line":51,"column":0},"end":{"line":55,"column":null}}},"1":{"name":"(anonymous_2)","decl":{"start":{"line":59,"column":0},"end":{"line":59,"column":null}},"loc":{"start":{"line":59,"column":0},"end":{"line":62,"column":null}}}},"branchMap":{},"s":{"0":3,"1":1,"2":0},"f":{"0":3,"1":1},"b":{}}
,"D:\\vue project\\tv-show-app\\src\\components\\Search.vue": {"path":"D:\\vue project\\tv-show-app\\src\\components\\Search.vue","statementMap":{"0":{"start":{"line":21,"column":0},"end":{"line":21,"column":null}},"1":{"start":{"line":22,"column":0},"end":{"line":22,"column":null}},"2":{"start":{"line":31,"column":0},"end":{"line":31,"column":null}},"3":{"start":{"line":44,"column":0},"end":{"line":44,"column":null}},"4":{"start":{"line":49,"column":0},"end":{"line":59,"column":null}},"5":{"start":{"line":50,"column":0},"end":{"line":50,"column":null}},"6":{"start":{"line":51,"column":0},"end":{"line":55,"column":null}},"7":{"start":{"line":52,"column":0},"end":{"line":52,"column":null}},"8":{"start":{"line":54,"column":0},"end":{"line":54,"column":null}},"9":{"start":{"line":56,"column":0},"end":{"line":56,"column":null}},"10":{"start":{"line":57,"column":0},"end":{"line":57,"column":null}},"11":{"start":{"line":58,"column":0},"end":{"line":58,"column":null}}},"fnMap":{"0":{"name":"(anonymous_1)","decl":{"start":{"line":30,"column":0},"end":{"line":30,"column":null}},"loc":{"start":{"line":30,"column":0},"end":{"line":37,"column":null}}},"1":{"name":"(anonymous_2)","decl":{"start":{"line":43,"column":0},"end":{"line":43,"column":null}},"loc":{"start":{"line":43,"column":0},"end":{"line":45,"column":null}}},"2":{"name":"(anonymous_3)","decl":{"start":{"line":48,"column":0},"end":{"line":48,"column":null}},"loc":{"start":{"line":48,"column":0},"end":{"line":60,"column":null}}}},"branchMap":{"0":{"loc":{"start":{"line":49,"column":0},"end":{"line":59,"column":null}},"type":"if","locations":[{"start":{"line":49,"column":0},"end":{"line":59,"column":null}},{"start":{"line":49,"column":0},"end":{"line":59,"column":null}}]}},"s":{"0":1,"1":1,"2":0,"3":0,"4":0,"5":0,"6":0,"7":0,"8":0,"9":0,"10":0,"11":0},"f":{"0":0,"1":0,"2":0},"b":{"0":[0,0]}}
,"D:\\vue project\\tv-show-app\\src\\components\\ShowDetails.vue": {"path":"D:\\vue project\\tv-show-app\\src\\components\\ShowDetails.vue","statementMap":{"0":{"start":{"line":42,"column":0},"end":{"line":42,"column":null}},"1":{"start":{"line":50,"column":0},"end":{"line":50,"column":null}},"2":{"start":{"line":61,"column":0},"end":{"line":61,"column":null}},"3":{"start":{"line":67,"column":0},"end":{"line":67,"column":null}},"4":{"start":{"line":68,"column":0},"end":{"line":73,"column":null}},"5":{"start":{"line":69,"column":0},"end":{"line":69,"column":null}},"6":{"start":{"line":72,"column":0},"end":{"line":72,"column":null}},"7":{"start":{"line":75,"column":0},"end":{"line":75,"column":null}}},"fnMap":{"0":{"name":"(anonymous_1)","decl":{"start":{"line":49,"column":0},"end":{"line":49,"column":null}},"loc":{"start":{"line":49,"column":0},"end":{"line":53,"column":null}}},"1":{"name":"(anonymous_2)","decl":{"start":{"line":59,"column":0},"end":{"line":59,"column":null}},"loc":{"start":{"line":59,"column":0},"end":{"line":62,"column":null}}},"2":{"name":"(anonymous_3)","decl":{"start":{"line":65,"column":0},"end":{"line":65,"column":null}},"loc":{"start":{"line":65,"column":0},"end":{"line":76,"column":null}}}},"branchMap":{},"s":{"0":1,"1":0,"2":0,"3":0,"4":0,"5":0,"6":0,"7":0},"f":{"0":0,"1":0,"2":0},"b":{}}
,"D:\\vue project\\tv-show-app\\src\\components\\Showcard.vue": {"path":"D:\\vue project\\tv-show-app\\src\\components\\Showcard.vue","statementMap":{"0":{"start":{"line":44,"column":0},"end":{"line":44,"column":null}}},"fnMap":{"0":{"name":"(anonymous_1)","decl":{"start":{"line":42,"column":0},"end":{"line":42,"column":null}},"loc":{"start":{"line":42,"column":0},"end":{"line":45,"column":null}}}},"branchMap":{},"s":{"0":0},"f":{"0":0},"b":{}}
,"D:\\vue project\\tv-show-app\\src\\router\\index.js": {"path":"D:\\vue project\\tv-show-app\\src\\router\\index.js","statementMap":{"0":{"start":{"line":9,"column":0},"end":{"line":9,"column":19}},"1":{"start":{"line":11,"column":15},"end":{"line":48,"column":1}},"2":{"start":{"line":50,"column":15},"end":{"line":52,"column":2}}},"fnMap":{},"branchMap":{},"s":{"0":1,"1":1,"2":1},"f":{},"b":{},"_coverageSchema":"43e27e138ebf9cfc5966b082cf9a028302ed4184","hash":"fc5bdb859c7884955c682df45e7f2bad144e9d7c"}
,"D:\\vue project\\tv-show-app\\src\\service\\Service.js": {"path":"D:\\vue project\\tv-show-app\\src\\service\\Service.js","statementMap":{"0":{"start":{"line":4,"column":4},"end":{"line":4,"column":38}},"1":{"start":{"line":8,"column":4},"end":{"line":8,"column":44}},"2":{"start":{"line":13,"column":4},"end":{"line":13,"column":63}}},"fnMap":{"0":{"name":"getShowsService","decl":{"start":{"line":3,"column":9},"end":{"line":3,"column":24}},"loc":{"start":{"line":3,"column":26},"end":{"line":5,"column":1}},"line":3},"1":{"name":"getShowDetailsService","decl":{"start":{"line":7,"column":9},"end":{"line":7,"column":30}},"loc":{"start":{"line":7,"column":34},"end":{"line":9,"column":1}},"line":7},"2":{"name":"getSearchResultsService","decl":{"start":{"line":12,"column":9},"end":{"line":12,"column":32}},"loc":{"start":{"line":12,"column":45},"end":{"line":14,"column":1}},"line":12}},"branchMap":{},"s":{"0":0,"1":0,"2":0},"f":{"0":0,"1":0,"2":0},"b":{},"hash":"69a4583193c2aeed401f9506e1f54d6ffbdeec96"}
,"D:\\vue project\\tv-show-app\\src\\service\\axiosConfig.js": {"path":"D:\\vue project\\tv-show-app\\src\\service\\axiosConfig.js","statementMap":{"0":{"start":{"line":4,"column":0},"end":{"line":4,"column":14}},"1":{"start":{"line":6,"column":16},"end":{"line":6,"column":40}},"2":{"start":{"line":8,"column":22},"end":{"line":14,"column":2}}},"fnMap":{},"branchMap":{},"s":{"0":0,"1":0,"2":0},"f":{},"b":{},"hash":"d53dc9cd38d0c709cb2b3e7086eef5c475a7184c"}
,"D:\\vue project\\tv-show-app\\src\\store\\actions.js": {"path":"D:\\vue project\\tv-show-app\\src\\store\\actions.js","statementMap":{"0":{"start":{"line":9,"column":4},"end":{"line":39,"column":5}},"1":{"start":{"line":10,"column":23},"end":{"line":10,"column":46}},"2":{"start":{"line":12,"column":29},"end":{"line":12,"column":40}},"3":{"start":{"line":13,"column":33},"end":{"line":13,"column":42}},"4":{"start":{"line":15,"column":6},"end":{"line":19,"column":9}},"5":{"start":{"line":16,"column":8},"end":{"line":18,"column":11}},"6":{"start":{"line":17,"column":10},"end":{"line":17,"column":34}},"7":{"start":{"line":21,"column":24},"end":{"line":21,"column":50}},"8":{"start":{"line":23,"column":6},"end":{"line":34,"column":7}},"9":{"start":{"line":23,"column":23},"end":{"line":23,"column":24}},"10":{"start":{"line":24,"column":29},"end":{"line":24,"column":31}},"11":{"start":{"line":25,"column":8},"end":{"line":29,"column":11}},"12":{"start":{"line":26,"column":10},"end":{"line":28,"column":13}},"13":{"start":{"line":27,"column":12},"end":{"line":27,"column":72}},"14":{"start":{"line":27,"column":45},"end":{"line":27,"column":72}},"15":{"start":{"line":30,"column":8},"end":{"line":32,"column":10}},"16":{"start":{"line":31,"column":10},"end":{"line":31,"column":54}},"17":{"start":{"line":33,"column":8},"end":{"line":33,"column":65}},"18":{"start":{"line":35,"column":6},"end":{"line":35,"column":53}},"19":{"start":{"line":37,"column":6},"end":{"line":37,"column":33}},"20":{"start":{"line":38,"column":6},"end":{"line":38,"column":18}},"21":{"start":{"line":43,"column":4},"end":{"line":49,"column":5}},"22":{"start":{"line":44,"column":23},"end":{"line":44,"column":54}},"23":{"start":{"line":45,"column":6},"end":{"line":45,"column":58}},"24":{"start":{"line":47,"column":6},"end":{"line":47,"column":33}},"25":{"start":{"line":48,"column":6},"end":{"line":48,"column":18}},"26":{"start":{"line":53,"column":4},"end":{"line":64,"column":5}},"27":{"start":{"line":54,"column":21},"end":{"line":54,"column":23}},"28":{"start":{"line":55,"column":23},"end":{"line":55,"column":65}},"29":{"start":{"line":56,"column":6},"end":{"line":58,"column":9}},"30":{"start":{"line":57,"column":8},"end":{"line":57,"column":34}},"31":{"start":{"line":60,"column":6},"end":{"line":60,"column":49}},"32":{"start":{"line":62,"column":6},"end":{"line":62,"column":33}},"33":{"start":{"line":63,"column":6},"end":{"line":63,"column":18}}},"fnMap":{"0":{"name":"(anonymous_0)","decl":{"start":{"line":8,"column":2},"end":{"line":8,"column":3}},"loc":{"start":{"line":8,"column":25},"end":{"line":40,"column":3}},"line":8},"1":{"name":"(anonymous_1)","decl":{"start":{"line":15,"column":28},"end":{"line":15,"column":29}},"loc":{"start":{"line":15,"column":41},"end":{"line":19,"column":7}},"line":15},"2":{"name":"(anonymous_2)","decl":{"start":{"line":16,"column":31},"end":{"line":16,"column":32}},"loc":{"start":{"line":16,"column":40},"end":{"line":18,"column":9}},"line":16},"3":{"name":"(anonymous_3)","decl":{"start":{"line":25,"column":30},"end":{"line":25,"column":31}},"loc":{"start":{"line":25,"column":43},"end":{"line":29,"column":9}},"line":25},"4":{"name":"(anonymous_4)","decl":{"start":{"line":26,"column":33},"end":{"line":26,"column":34}},"loc":{"start":{"line":26,"column":44},"end":{"line":28,"column":11}},"line":26},"5":{"name":"(anonymous_5)","decl":{"start":{"line":30,"column":26},"end":{"line":30,"column":27}},"loc":{"start":{"line":31,"column":10},"end":{"line":31,"column":54}},"line":31},"6":{"name":"(anonymous_6)","decl":{"start":{"line":42,"column":2},"end":{"line":42,"column":3}},"loc":{"start":{"line":42,"column":40},"end":{"line":50,"column":3}},"line":42},"7":{"name":"(anonymous_7)","decl":{"start":{"line":52,"column":2},"end":{"line":52,"column":3}},"loc":{"start":{"line":52,"column":47},"end":{"line":65,"column":3}},"line":52},"8":{"name":"(anonymous_8)","decl":{"start":{"line":56,"column":28},"end":{"line":56,"column":29}},"loc":{"start":{"line":56,"column":41},"end":{"line":58,"column":7}},"line":56}},"branchMap":{"0":{"loc":{"start":{"line":27,"column":12},"end":{"line":27,"column":72}},"type":"if","locations":[{"start":{"line":27,"column":12},"end":{"line":27,"column":72}},{"start":{"line":27,"column":12},"end":{"line":27,"column":72}}],"line":27},"1":{"loc":{"start":{"line":31,"column":10},"end":{"line":31,"column":54}},"type":"cond-expr","locations":[{"start":{"line":31,"column":48},"end":{"line":31,"column":50}},{"start":{"line":31,"column":53},"end":{"line":31,"column":54}}],"line":31}},"s":{"0":0,"1":0,"2":0,"3":0,"4":0,"5":0,"6":0,"7":0,"8":0,"9":0,"10":0,"11":0,"12":0,"13":0,"14":0,"15":0,"16":0,"17":0,"18":0,"19":0,"20":0,"21":2,"22":2,"23":1,"24":1,"25":1,"26":0,"27":0,"28":0,"29":0,"30":0,"31":0,"32":0,"33":0},"f":{"0":0,"1":0,"2":0,"3":0,"4":0,"5":0,"6":2,"7":0,"8":0},"b":{"0":[0,0],"1":[0,0]},"_coverageSchema":"43e27e138ebf9cfc5966b082cf9a028302ed4184","hash":"9a1a17cdc83cb305e0f19dde74b488018f4410e3"}
,"D:\\vue project\\tv-show-app\\src\\store\\index.js": {"path":"D:\\vue project\\tv-show-app\\src\\store\\index.js","statementMap":{"0":{"start":{"line":6,"column":0},"end":{"line":6,"column":14}}},"fnMap":{},"branchMap":{},"s":{"0":0},"f":{},"b":{},"hash":"df7eab9627fb201a72361e93a11ee67cba238420"}
,"D:\\vue project\\tv-show-app\\src\\store\\mutations.js": {"path":"D:\\vue project\\tv-show-app\\src\\store\\mutations.js","statementMap":{"0":{"start":{"line":4,"column":8},"end":{"line":4,"column":32}},"1":{"start":{"line":7,"column":8},"end":{"line":7,"column":36}},"2":{"start":{"line":10,"column":8},"end":{"line":10,"column":38}}},"fnMap":{"0":{"name":"(anonymous_0)","decl":{"start":{"line":3,"column":4},"end":{"line":3,"column":5}},"loc":{"start":{"line":3,"column":29},"end":{"line":5,"column":5}},"line":3},"1":{"name":"(anonymous_1)","decl":{"start":{"line":6,"column":4},"end":{"line":6,"column":5}},"loc":{"start":{"line":6,"column":39},"end":{"line":8,"column":5}},"line":6},"2":{"name":"(anonymous_2)","decl":{"start":{"line":9,"column":4},"end":{"line":9,"column":5}},"loc":{"start":{"line":9,"column":37},"end":{"line":11,"column":5}},"line":9}},"branchMap":{},"s":{"0":1,"1":1,"2":1},"f":{"0":1,"1":1,"2":1},"b":{},"_coverageSchema":"43e27e138ebf9cfc5966b082cf9a028302ed4184","hash":"13d1dfadd79c4875380458c452257834a226ca96"}
,"D:\\vue project\\tv-show-app\\src\\views\\Dashboard.vue": {"path":"D:\\vue project\\tv-show-app\\src\\views\\Dashboard.vue","statementMap":{"0":{"start":{"line":39,"column":0},"end":{"line":39,"column":null}},"1":{"start":{"line":40,"column":0},"end":{"line":40,"column":null}},"2":{"start":{"line":49,"column":0},"end":{"line":49,"column":null}},"3":{"start":{"line":59,"column":0},"end":{"line":59,"column":null}},"4":{"start":{"line":64,"column":0},"end":{"line":64,"column":null}},"5":{"start":{"line":66,"column":0},"end":{"line":70,"column":null}},"6":{"start":{"line":67,"column":0},"end":{"line":67,"column":null}},"7":{"start":{"line":69,"column":0},"end":{"line":69,"column":null}},"8":{"start":{"line":71,"column":0},"end":{"line":71,"column":null}}},"fnMap":{"0":{"name":"(anonymous_1)","decl":{"start":{"line":48,"column":0},"end":{"line":48,"column":null}},"loc":{"start":{"line":48,"column":0},"end":{"line":53,"column":null}}},"1":{"name":"(anonymous_2)","decl":{"start":{"line":58,"column":0},"end":{"line":58,"column":null}},"loc":{"start":{"line":58,"column":0},"end":{"line":60,"column":null}}},"2":{"name":"(anonymous_3)","decl":{"start":{"line":63,"column":0},"end":{"line":63,"column":null}},"loc":{"start":{"line":63,"column":0},"end":{"line":72,"column":null}}}},"branchMap":{},"s":{"0":2,"1":2,"2":3,"3":3,"4":4,"5":4,"6":4,"7":0,"8":4},"f":{"0":3,"1":3,"2":4},"b":{}}
}
