TN:
SF:E:\vue projects\vue proj new\tv-show-app\src\App.vue
FNF:0
FNH:0
DA:10,1
DA:11,1
LF:2
LH:2
BRF:0
BRH:0
end_of_record
TN:
SF:E:\vue projects\vue proj new\tv-show-app\src\components\Header.vue
FN:54,(anonymous_1)
FN:61,(anonymous_2)
FN:62,(anonymous_3)
FNF:3
FNH:2
FNDA:6,(anonymous_1)
FNDA:1,(anonymous_2)
FNDA:0,(anonymous_3)
DA:55,6
DA:62,1
DA:63,0
DA:64,0
DA:67,1
LF:5
LH:3
BRDA:62,0,0,1
BRDA:62,0,1,0
BRDA:63,1,0,0
BRDA:63,1,1,0
BRF:4
BRH:1
end_of_record
TN:
SF:E:\vue projects\vue proj new\tv-show-app\src\components\Search.vue
FN:30,(anonymous_1)
FN:42,(anonymous_2)
FN:48,(anonymous_3)
FNF:3
FNH:3
FNDA:3,(anonymous_1)
FNDA:3,(anonymous_2)
FNDA:4,(anonymous_3)
DA:21,2
DA:22,2
DA:31,3
DA:43,3
DA:49,4
DA:50,4
DA:51,4
DA:53,4
DA:55,4
DA:57,4
DA:58,0
DA:59,0
LF:12
LH:10
BRDA:49,0,0,4
BRDA:49,0,1,0
BRF:2
BRH:1
end_of_record
TN:
SF:E:\vue projects\vue proj new\tv-show-app\src\components\ShowDetails.vue
FN:147,(anonymous_1)
FN:161,(anonymous_2)
FN:169,(anonymous_3)
FNF:3
FNH:3
FNDA:4,(anonymous_1)
FNDA:4,(anonymous_2)
FNDA:5,(anonymous_3)
DA:143,2
DA:148,4
DA:162,4
DA:163,4
DA:170,5
DA:172,5
DA:174,5
DA:175,5
DA:176,0
DA:179,0
DA:182,5
DA:185,5
LF:12
LH:10
BRDA:175,0,0,0
BRDA:175,0,1,0
BRF:2
BRH:0
end_of_record
TN:
SF:E:\vue projects\vue proj new\tv-show-app\src\components\Showcard.vue
FN:71,(anonymous_1)
FN:77,(anonymous_2)
FN:86,(anonymous_3)
FN:89,(anonymous_4)
FNF:4
FNH:4
FNDA:4,(anonymous_1)
FNDA:4,(anonymous_2)
FNDA:1,(anonymous_3)
FNDA:4,(anonymous_4)
DA:72,4
DA:78,4
DA:87,1
DA:90,4
DA:91,4
DA:92,0
LF:6
LH:5
BRDA:91,0,0,0
BRDA:91,0,1,4
BRF:2
BRH:1
end_of_record
TN:
SF:E:\vue projects\vue proj new\tv-show-app\src\router\index.js
FNF:0
FNH:0
DA:10,1
DA:12,1
DA:39,1
LF:3
LH:3
BRF:0
BRH:0
end_of_record
TN:
SF:E:\vue projects\vue proj new\tv-show-app\src\service\Service.js
FN:3,getShowsService
FN:14,getShowDetailsService
FN:26,getSearchResultsService
FNF:3
FNH:3
FNDA:1,getShowsService
FNDA:1,getShowDetailsService
FNDA:1,getSearchResultsService
DA:5,1
DA:6,1
DA:8,0
DA:10,1
DA:16,1
DA:17,1
DA:19,0
DA:22,1
DA:28,1
DA:29,1
DA:31,0
DA:33,1
LF:12
LH:9
BRF:0
BRH:0
end_of_record
TN:
SF:E:\vue projects\vue proj new\tv-show-app\src\service\axiosConfig.js
FNF:0
FNH:0
DA:6,0
DA:9,0
DA:11,0
DA:13,0
LF:4
LH:0
BRF:0
BRH:0
end_of_record
TN:
SF:E:\vue projects\vue proj new\tv-show-app\src\store\actions.js
FN:8,(anonymous_0)
FN:15,(anonymous_1)
FN:16,(anonymous_2)
FN:27,(anonymous_3)
FN:28,(anonymous_4)
FN:33,(anonymous_5)
FN:47,(anonymous_6)
FN:57,(anonymous_7)
FN:61,(anonymous_8)
FNF:9
FNH:8
FNDA:2,(anonymous_0)
FNDA:1,(anonymous_1)
FNDA:3,(anonymous_2)
FNDA:6,(anonymous_3)
FNDA:18,(anonymous_4)
FNDA:0,(anonymous_5)
FNDA:2,(anonymous_6)
FNDA:2,(anonymous_7)
FNDA:1,(anonymous_8)
DA:9,2
DA:10,2
DA:12,1
DA:13,1
DA:15,1
DA:16,1
DA:17,3
DA:22,1
DA:23,1
DA:25,1
DA:26,6
DA:27,6
DA:28,6
DA:29,18
DA:33,6
DA:34,0
DA:37,6
DA:40,1
DA:42,1
DA:43,1
DA:48,2
DA:49,2
DA:50,1
DA:52,1
DA:53,1
DA:58,2
DA:59,2
DA:60,2
DA:61,1
DA:62,1
DA:64,1
DA:66,1
DA:67,1
LF:33
LH:32
BRDA:29,0,0,3
BRDA:29,0,1,15
BRDA:34,1,0,0
BRDA:34,1,1,0
BRF:4
BRH:2
end_of_record
TN:
SF:E:\vue projects\vue proj new\tv-show-app\src\store\index.js
FNF:0
FNH:0
DA:6,0
LF:1
LH:0
BRF:0
BRH:0
end_of_record
TN:
SF:E:\vue projects\vue proj new\tv-show-app\src\store\mutations.js
FN:3,(anonymous_0)
FN:6,(anonymous_1)
FN:9,(anonymous_2)
FNF:3
FNH:3
FNDA:1,(anonymous_0)
FNDA:1,(anonymous_1)
FNDA:1,(anonymous_2)
DA:4,1
DA:7,1
DA:10,1
LF:3
LH:3
BRF:0
BRH:0
end_of_record
TN:
SF:E:\vue projects\vue proj new\tv-show-app\src\views\Dashboard.vue
FN:48,(anonymous_1)
FN:58,(anonymous_2)
FN:63,(anonymous_3)
FNF:3
FNH:3
FNDA:3,(anonymous_1)
FNDA:3,(anonymous_2)
FNDA:4,(anonymous_3)
DA:38,2
DA:39,2
DA:49,3
DA:59,3
DA:64,4
DA:67,4
DA:68,4
DA:71,0
DA:73,4
LF:9
LH:8
BRF:0
BRH:0
end_of_record
