TN:
SF:D:\vue project\tv-show-app\src\App.vue
FNF:0
FNH:0
DA:19,1
DA:20,1
LF:2
LH:2
BRF:0
BRH:0
end_of_record
TN:
SF:D:\vue project\tv-show-app\src\main.js
FN:21,(anonymous_0)
FNF:1
FNH:0
FNDA:0,(anonymous_0)
DA:12,0
DA:14,0
DA:15,0
DA:16,0
DA:18,0
DA:21,0
LF:6
LH:0
BRF:0
BRH:0
end_of_record
TN:
SF:D:\vue project\tv-show-app\src\components\Header.vue
FN:51,(anonymous_1)
FN:59,(anonymous_2)
FNF:2
FNH:2
FNDA:3,(anonymous_1)
FNDA:1,(anonymous_2)
DA:52,3
DA:60,1
DA:61,0
LF:3
LH:2
BRF:0
BRH:0
end_of_record
TN:
SF:D:\vue project\tv-show-app\src\components\Search.vue
FN:30,(anonymous_1)
FN:43,(anonymous_2)
FN:48,(anonymous_3)
FNF:3
FNH:0
FNDA:0,(anonymous_1)
FNDA:0,(anonymous_2)
FNDA:0,(anonymous_3)
DA:21,1
DA:22,1
DA:31,0
DA:44,0
DA:49,0
DA:50,0
DA:51,0
DA:52,0
DA:54,0
DA:56,0
DA:57,0
DA:58,0
LF:12
LH:2
BRDA:49,0,0,0
BRDA:49,0,1,0
BRF:2
BRH:0
end_of_record
TN:
SF:D:\vue project\tv-show-app\src\components\ShowDetails.vue
FN:49,(anonymous_1)
FN:59,(anonymous_2)
FN:65,(anonymous_3)
FNF:3
FNH:0
FNDA:0,(anonymous_1)
FNDA:0,(anonymous_2)
FNDA:0,(anonymous_3)
DA:42,1
DA:50,0
DA:61,0
DA:67,0
DA:68,0
DA:69,0
DA:72,0
DA:75,0
LF:8
LH:1
BRF:0
BRH:0
end_of_record
TN:
SF:D:\vue project\tv-show-app\src\components\Showcard.vue
FN:42,(anonymous_1)
FNF:1
FNH:0
FNDA:0,(anonymous_1)
DA:44,0
LF:1
LH:0
BRF:0
BRH:0
end_of_record
TN:
SF:D:\vue project\tv-show-app\src\router\index.js
FNF:0
FNH:0
DA:9,1
DA:11,1
DA:50,1
LF:3
LH:3
BRF:0
BRH:0
end_of_record
TN:
SF:D:\vue project\tv-show-app\src\service\Service.js
FN:3,getShowsService
FN:7,getShowDetailsService
FN:12,getSearchResultsService
FNF:3
FNH:0
FNDA:0,getShowsService
FNDA:0,getShowDetailsService
FNDA:0,getSearchResultsService
DA:4,0
DA:8,0
DA:13,0
LF:3
LH:0
BRF:0
BRH:0
end_of_record
TN:
SF:D:\vue project\tv-show-app\src\service\axiosConfig.js
FNF:0
FNH:0
DA:4,0
DA:6,0
DA:8,0
LF:3
LH:0
BRF:0
BRH:0
end_of_record
TN:
SF:D:\vue project\tv-show-app\src\store\actions.js
FN:8,(anonymous_0)
FN:15,(anonymous_1)
FN:16,(anonymous_2)
FN:25,(anonymous_3)
FN:26,(anonymous_4)
FN:30,(anonymous_5)
FN:42,(anonymous_6)
FN:52,(anonymous_7)
FN:56,(anonymous_8)
FNF:9
FNH:1
FNDA:0,(anonymous_0)
FNDA:0,(anonymous_1)
FNDA:0,(anonymous_2)
FNDA:0,(anonymous_3)
FNDA:0,(anonymous_4)
FNDA:0,(anonymous_5)
FNDA:2,(anonymous_6)
FNDA:0,(anonymous_7)
FNDA:0,(anonymous_8)
DA:9,0
DA:10,0
DA:12,0
DA:13,0
DA:15,0
DA:16,0
DA:17,0
DA:21,0
DA:23,0
DA:24,0
DA:25,0
DA:26,0
DA:27,0
DA:30,0
DA:31,0
DA:33,0
DA:35,0
DA:37,0
DA:38,0
DA:43,2
DA:44,2
DA:45,1
DA:47,1
DA:48,1
DA:53,0
DA:54,0
DA:55,0
DA:56,0
DA:57,0
DA:60,0
DA:62,0
DA:63,0
LF:32
LH:5
BRDA:27,0,0,0
BRDA:27,0,1,0
BRDA:31,1,0,0
BRDA:31,1,1,0
BRF:4
BRH:0
end_of_record
TN:
SF:D:\vue project\tv-show-app\src\store\index.js
FNF:0
FNH:0
DA:6,0
LF:1
LH:0
BRF:0
BRH:0
end_of_record
TN:
SF:D:\vue project\tv-show-app\src\store\mutations.js
FN:3,(anonymous_0)
FN:6,(anonymous_1)
FN:9,(anonymous_2)
FNF:3
FNH:3
FNDA:1,(anonymous_0)
FNDA:1,(anonymous_1)
FNDA:1,(anonymous_2)
DA:4,1
DA:7,1
DA:10,1
LF:3
LH:3
BRF:0
BRH:0
end_of_record
TN:
SF:D:\vue project\tv-show-app\src\views\Dashboard.vue
FN:48,(anonymous_1)
FN:58,(anonymous_2)
FN:63,(anonymous_3)
FNF:3
FNH:3
FNDA:3,(anonymous_1)
FNDA:3,(anonymous_2)
FNDA:4,(anonymous_3)
DA:39,2
DA:40,2
DA:49,3
DA:59,3
DA:64,4
DA:66,4
DA:67,4
DA:69,0
DA:71,4
LF:9
LH:8
BRF:0
BRH:0
end_of_record
